[debug] [2023-04-08T05:45:43.297Z] ----------------------------------------------------------------------
[debug] [2023-04-08T05:45:43.299Z] Command:       C:\Program Files\nodejs\node.exe C:\Users\ASUS\AppData\Roaming\npm\node_modules\firebase-tools\lib\bin\firebase.js deploy
[debug] [2023-04-08T05:45:43.300Z] CLI Version:   11.25.2
[debug] [2023-04-08T05:45:43.300Z] Platform:      win32
[debug] [2023-04-08T05:45:43.300Z] Node Version:  v18.12.1
[debug] [2023-04-08T05:45:43.306Z] Time:          Sat Apr 08 2023 11:15:43 GMT+0530 (India Standard Time)
[debug] [2023-04-08T05:45:43.306Z] ----------------------------------------------------------------------
[debug] 
[debug] [2023-04-08T05:45:43.309Z] >>> [apiv2][query] GET https://firebase-public.firebaseio.com/cli.json [none]
[debug] [2023-04-08T05:45:43.409Z] > command requires scopes: ["email","openid","https://www.googleapis.com/auth/cloudplatformprojects.readonly","https://www.googleapis.com/auth/firebase","https://www.googleapis.com/auth/cloud-platform"]
[debug] [2023-04-08T05:45:43.409Z] > authorizing via signed-in user (mohitkir0029@gmail.com)
[debug] [2023-04-08T05:45:43.410Z] [iam] checking project urbennft for permissions ["firebase.projects.get","firebasehosting.sites.update"]
[debug] [2023-04-08T05:45:43.411Z] > refreshing access token with scopes: []
[debug] [2023-04-08T05:45:43.412Z] >>> [apiv2][query] POST https://www.googleapis.com/oauth2/v3/token [none]
[debug] [2023-04-08T05:45:43.412Z] >>> [apiv2][body] POST https://www.googleapis.com/oauth2/v3/token [omitted]
[warn] !  Unable to fetch the CLI MOTD and remote config. 
[debug] [2023-04-08T05:45:43.420Z] Failed to fetch MOTD FirebaseError: Failed to make request to https://firebase-public.firebaseio.com/cli.json
[debug] [2023-04-08T05:45:43.421Z] [iam] error while checking permissions, command may fail: FirebaseError: Authentication Error: Your credentials are no longer valid. Please run firebase login --reauth

For CI servers and headless environments, generate a new token with firebase login:ci
[debug] [2023-04-08T05:45:43.422Z] > refreshing access token with scopes: []
[debug] [2023-04-08T05:45:43.422Z] >>> [apiv2][query] POST https://www.googleapis.com/oauth2/v3/token [none]
[debug] [2023-04-08T05:45:43.422Z] >>> [apiv2][body] POST https://www.googleapis.com/oauth2/v3/token [omitted]
[debug] [2023-04-08T05:45:43.426Z] Authentication Error: Your credentials are no longer valid. Please run firebase login --reauth

For CI servers and headless environments, generate a new token with firebase login:ci
[debug] [2023-04-08T05:45:43.441Z] FirebaseError: Authentication Error: Your credentials are no longer valid. Please run firebase login --reauth

For CI servers and headless environments, generate a new token with firebase login:ci
    at invalidCredentialError (C:\Users\ASUS\AppData\Roaming\npm\node_modules\firebase-tools\lib\auth.js:144:12)
    at refreshTokens (C:\Users\ASUS\AppData\Roaming\npm\node_modules\firebase-tools\lib\auth.js:508:15)
    at process.processTicksAndRejections (node:internal/process/task_queues:95:5)
    at async Client.getAccessToken (C:\Users\ASUS\AppData\Roaming\npm\node_modules\firebase-tools\lib\apiv2.js:149:23)
    at async Client.addAuthHeader (C:\Users\ASUS\AppData\Roaming\npm\node_modules\firebase-tools\lib\apiv2.js:140:21)
    at async Client.request (C:\Users\ASUS\AppData\Roaming\npm\node_modules\firebase-tools\lib\apiv2.js:96:34)
    at async getFirebaseProject (C:\Users\ASUS\AppData\Roaming\npm\node_modules\firebase-tools\lib\management\projects.js:295:21)
    at async getDefaultHostingSite (C:\Users\ASUS\AppData\Roaming\npm\node_modules\firebase-tools\lib\getDefaultHostingSite.js:10:21)
    at async requireHostingSite (C:\Users\ASUS\AppData\Roaming\npm\node_modules\firebase-tools\lib\requireHostingSite.js:9:18)
    at async Object.fn (C:\Users\ASUS\AppData\Roaming\npm\node_modules\firebase-tools\lib\commands\deploy.js:74:9)
    at async C:\Users\ASUS\AppData\Roaming\npm\node_modules\firebase-tools\lib\command.js:214:17
[error] 
[error] Error: Failed to get Firebase project urbennft. Please make sure the project exists and your account has permission to access it.
